<?xml version="1.0" encoding="utf-8"?>
<coverage line-rate="0.76315789473684215" branch-rate="0" complexity="0" branches-covered="0" branches-valid="0" timestamp="1711315409" lines-covered="2639" lines-valid="3458" version="0">
  <sources>
    <source>D:</source>
  </sources>
  <packages>
    <package name="D:\dev\UnrealProjects\UnrealPokemon\Binaries\Win64\UnrealEditor-CommonMath-Win64-DebugGame.dll" line-rate="0.75" branch-rate="0" complexity="0">
      <classes>
        <class name="CommonMath.cpp" filename="dev\UnrealProjects\UnrealPokemon\Source\Utilities\CommonMath\Private\CommonMath.cpp" line-rate="0.59999999999999998" branch-rate="0" complexity="0">
          <methods/>
          <lines>
            <line number="4" hits="1"/>
            <line number="6" hits="1"/>
            <line number="8" hits="0"/>
            <line number="10" hits="0"/>
            <line number="12" hits="1"/>
          </lines>
        </class>
        <class name="MathUtilities.cpp" filename="dev\UnrealProjects\UnrealPokemon\Source\Utilities\CommonMath\Private\MathUtilities.cpp" line-rate="1" branch-rate="0" complexity="0">
          <methods/>
          <lines>
            <line number="4" hits="1"/>
            <line number="5" hits="1"/>
            <line number="6" hits="1"/>
          </lines>
        </class>
      </classes>
    </package>
    <package name="D:\dev\UnrealProjects\UnrealPokemon\Binaries\Win64\UnrealEditor-GridBased2D-Win64-DebugGame.dll" line-rate="0.87936046511627908" branch-rate="0" complexity="0">
      <classes>
        <class name="Action.cpp" filename="dev\UnrealProjects\UnrealPokemon\Source\GridBased2D\GridBased2D\Private\Actions\Action.cpp" line-rate="0" branch-rate="0" complexity="0">
          <methods/>
          <lines>
            <line number="5" hits="0"/>
            <line number="7" hits="0"/>
          </lines>
        </class>
        <class name="Charset.cpp" filename="dev\UnrealProjects\UnrealPokemon\Source\GridBased2D\GridBased2D\Private\Characters\Charset.cpp" line-rate="1" branch-rate="0" complexity="0">
          <methods/>
          <lines>
            <line number="4" hits="1"/>
            <line number="5" hits="1"/>
            <line number="6" hits="1"/>
            <line number="8" hits="1"/>
            <line number="9" hits="1"/>
            <line number="10" hits="1"/>
            <line number="12" hits="1"/>
            <line number="13" hits="1"/>
            <line number="14" hits="1"/>
            <line number="16" hits="1"/>
            <line number="17" hits="1"/>
            <line number="18" hits="1"/>
            <line number="20" hits="1"/>
            <line number="21" hits="1"/>
            <line number="22" hits="1"/>
            <line number="23" hits="1"/>
            <line number="25" hits="1"/>
            <line number="26" hits="1"/>
            <line number="28" hits="1"/>
            <line number="29" hits="1"/>
            <line number="30" hits="1"/>
            <line number="31" hits="1"/>
            <line number="33" hits="1"/>
            <line number="34" hits="1"/>
            <line number="36" hits="1"/>
            <line number="37" hits="1"/>
            <line number="40" hits="1"/>
            <line number="42" hits="1"/>
            <line number="44" hits="1"/>
            <line number="46" hits="1"/>
            <line number="49" hits="1"/>
            <line number="50" hits="1"/>
          </lines>
        </class>
        <class name="GameCharacter.cpp" filename="dev\UnrealProjects\UnrealPokemon\Source\GridBased2D\GridBased2D\Private\Characters\GameCharacter.cpp" line-rate="0.88557213930348255" branch-rate="0" complexity="0">
          <methods/>
          <lines>
            <line number="16" hits="1"/>
            <line number="18" hits="1"/>
            <line number="20" hits="1"/>
            <line number="21" hits="1"/>
            <line number="22" hits="1"/>
            <line number="23" hits="1"/>
            <line number="25" hits="1"/>
            <line number="26" hits="1"/>
            <line number="27" hits="1"/>
            <line number="29" hits="1"/>
            <line number="31" hits="1"/>
            <line number="32" hits="1"/>
            <line number="33" hits="1"/>
            <line number="34" hits="1"/>
            <line number="35" hits="1"/>
            <line number="37" hits="1"/>
            <line number="38" hits="1"/>
            <line number="39" hits="1"/>
            <line number="40" hits="1"/>
            <line number="42" hits="0"/>
            <line number="43" hits="0"/>
            <line number="44" hits="0"/>
            <line number="45" hits="0"/>
            <line number="47" hits="0"/>
            <line number="48" hits="0"/>
            <line number="49" hits="0"/>
            <line number="50" hits="0"/>
            <line number="52" hits="1"/>
            <line number="53" hits="1"/>
            <line number="54" hits="1"/>
            <line number="55" hits="1"/>
            <line number="57" hits="0"/>
            <line number="58" hits="0"/>
            <line number="59" hits="0"/>
            <line number="60" hits="0"/>
            <line number="64" hits="1"/>
            <line number="65" hits="1"/>
            <line number="66" hits="1"/>
            <line number="67" hits="1"/>
            <line number="68" hits="1"/>
            <line number="70" hits="1"/>
            <line number="72" hits="1"/>
            <line number="73" hits="1"/>
            <line number="74" hits="1"/>
            <line number="75" hits="1"/>
            <line number="78" hits="1"/>
            <line number="79" hits="1"/>
            <line number="81" hits="1"/>
            <line number="82" hits="1"/>
            <line number="83" hits="1"/>
            <line number="85" hits="1"/>
            <line number="86" hits="1"/>
            <line number="87" hits="1"/>
            <line number="88" hits="1"/>
            <line number="89" hits="1"/>
            <line number="90" hits="1"/>
            <line number="91" hits="1"/>
            <line number="92" hits="1"/>
            <line number="93" hits="1"/>
            <line number="94" hits="1"/>
            <line number="97" hits="1"/>
            <line number="99" hits="1"/>
            <line number="100" hits="1"/>
            <line number="101" hits="1"/>
            <line number="104" hits="1"/>
            <line number="105" hits="1"/>
            <line number="107" hits="1"/>
            <line number="108" hits="1"/>
            <line number="109" hits="1"/>
            <line number="111" hits="1"/>
            <line number="112" hits="1"/>
            <line number="113" hits="1"/>
            <line number="114" hits="1"/>
            <line number="115" hits="1"/>
            <line number="116" hits="1"/>
            <line number="117" hits="1"/>
            <line number="118" hits="1"/>
            <line number="119" hits="1"/>
            <line number="120" hits="1"/>
            <line number="122" hits="0"/>
            <line number="124" hits="1"/>
            <line number="125" hits="0"/>
            <line number="126" hits="0"/>
            <line number="129" hits="1"/>
            <line number="130" hits="1"/>
            <line number="131" hits="1"/>
            <line number="134" hits="1"/>
            <line number="135" hits="1"/>
            <line number="136" hits="1"/>
            <line number="137" hits="1"/>
            <line number="138" hits="1"/>
            <line number="139" hits="1"/>
            <line number="141" hits="0"/>
            <line number="142" hits="0"/>
            <line number="143" hits="0"/>
            <line number="145" hits="1"/>
            <line number="146" hits="1"/>
            <line number="147" hits="1"/>
            <line number="149" hits="1"/>
            <line number="150" hits="1"/>
            <line number="152" hits="1"/>
            <line number="153" hits="1"/>
            <line number="154" hits="1"/>
            <line number="155" hits="1"/>
            <line number="157" hits="1"/>
            <line number="160" hits="1"/>
            <line number="161" hits="1"/>
            <line number="163" hits="1"/>
            <line number="164" hits="1"/>
            <line number="165" hits="1"/>
            <line number="166" hits="1"/>
            <line number="167" hits="1"/>
            <line number="168" hits="1"/>
            <line number="170" hits="1"/>
            <line number="171" hits="1"/>
            <line number="174" hits="1"/>
            <line number="175" hits="1"/>
            <line number="177" hits="1"/>
            <line number="179" hits="1"/>
            <line number="181" hits="1"/>
            <line number="182" hits="1"/>
            <line number="183" hits="1"/>
            <line number="184" hits="1"/>
            <line number="185" hits="1"/>
            <line number="186" hits="1"/>
            <line number="188" hits="1"/>
            <line number="189" hits="1"/>
            <line number="190" hits="1"/>
            <line number="192" hits="1"/>
            <line number="194" hits="1"/>
            <line number="195" hits="1"/>
            <line number="196" hits="1"/>
            <line number="198" hits="1"/>
            <line number="199" hits="1"/>
            <line number="200" hits="1"/>
            <line number="202" hits="1"/>
            <line number="203" hits="1"/>
            <line number="205" hits="1"/>
            <line number="206" hits="1"/>
            <line number="207" hits="1"/>
            <line number="209" hits="1"/>
            <line number="210" hits="1"/>
            <line number="211" hits="1"/>
            <line number="213" hits="1"/>
            <line number="215" hits="1"/>
            <line number="216" hits="1"/>
            <line number="217" hits="1"/>
            <line number="218" hits="1"/>
            <line number="223" hits="1"/>
            <line number="224" hits="1"/>
            <line number="228" hits="1"/>
            <line number="229" hits="1"/>
            <line number="230" hits="1"/>
            <line number="235" hits="1"/>
            <line number="236" hits="1"/>
            <line number="240" hits="1"/>
            <line number="241" hits="1"/>
            <line number="242" hits="1"/>
            <line number="244" hits="1"/>
            <line number="246" hits="1"/>
            <line number="247" hits="1"/>
            <line number="248" hits="1"/>
            <line number="249" hits="1"/>
            <line number="251" hits="1"/>
            <line number="252" hits="1"/>
            <line number="253" hits="1"/>
            <line number="254" hits="1"/>
            <line number="255" hits="1"/>
            <line number="256" hits="1"/>
            <line number="258" hits="1"/>
            <line number="259" hits="1"/>
            <line number="260" hits="1"/>
            <line number="261" hits="1"/>
            <line number="265" hits="1"/>
            <line number="266" hits="1"/>
            <line number="268" hits="1"/>
            <line number="269" hits="1"/>
            <line number="270" hits="1"/>
            <line number="272" hits="1"/>
            <line number="273" hits="1"/>
            <line number="274" hits="1"/>
            <line number="275" hits="1"/>
            <line number="276" hits="1"/>
            <line number="278" hits="1"/>
            <line number="279" hits="1"/>
            <line number="280" hits="1"/>
            <line number="281" hits="1"/>
            <line number="283" hits="0"/>
            <line number="285" hits="0"/>
            <line number="287" hits="0"/>
            <line number="288" hits="0"/>
            <line number="289" hits="0"/>
            <line number="291" hits="1"/>
            <line number="292" hits="1"/>
            <line number="293" hits="1"/>
            <line number="295" hits="1"/>
            <line number="296" hits="1"/>
            <line number="297" hits="1"/>
            <line number="299" hits="1"/>
            <line number="300" hits="1"/>
            <line number="301" hits="1"/>
          </lines>
        </class>
        <class name="GameNPC.cpp" filename="dev\UnrealProjects\UnrealPokemon\Source\GridBased2D\GridBased2D\Private\Characters\GameNPC.cpp" line-rate="1" branch-rate="0" complexity="0">
          <methods/>
          <lines>
            <line number="8" hits="1"/>
            <line number="9" hits="1"/>
            <line number="10" hits="1"/>
            <line number="11" hits="1"/>
            <line number="12" hits="1"/>
            <line number="14" hits="1"/>
            <line number="15" hits="1"/>
            <line number="17" hits="1"/>
            <line number="18" hits="1"/>
            <line number="19" hits="1"/>
          </lines>
        </class>
        <class name="GamePlayer.cpp" filename="dev\UnrealProjects\UnrealPokemon\Source\GridBased2D\GridBased2D\Private\Characters\GamePlayer.cpp" line-rate="0.84722222222222221" branch-rate="0" complexity="0">
          <methods/>
          <lines>
            <line number="20" hits="1"/>
            <line number="22" hits="1"/>
            <line number="25" hits="1"/>
            <line number="26" hits="1"/>
            <line number="27" hits="1"/>
            <line number="28" hits="1"/>
            <line number="29" hits="1"/>
            <line number="30" hits="1"/>
            <line number="31" hits="1"/>
            <line number="35" hits="1"/>
            <line number="36" hits="1"/>
            <line number="37" hits="1"/>
            <line number="38" hits="1"/>
            <line number="41" hits="1"/>
            <line number="42" hits="1"/>
            <line number="43" hits="1"/>
            <line number="44" hits="1"/>
            <line number="47" hits="1"/>
            <line number="48" hits="1"/>
            <line number="50" hits="1"/>
            <line number="51" hits="1"/>
            <line number="54" hits="1"/>
            <line number="55" hits="1"/>
            <line number="57" hits="1"/>
            <line number="60" hits="1"/>
            <line number="62" hits="0"/>
            <line number="63" hits="0"/>
            <line number="64" hits="0"/>
            <line number="66" hits="0"/>
            <line number="67" hits="0"/>
            <line number="69" hits="0"/>
            <line number="70" hits="0"/>
            <line number="72" hits="0"/>
            <line number="76" hits="1"/>
            <line number="79" hits="1"/>
            <line number="80" hits="1"/>
            <line number="81" hits="1"/>
            <line number="82" hits="1"/>
            <line number="83" hits="1"/>
            <line number="84" hits="1"/>
            <line number="86" hits="1"/>
            <line number="87" hits="1"/>
            <line number="88" hits="1"/>
            <line number="89" hits="1"/>
            <line number="90" hits="0"/>
            <line number="91" hits="1"/>
            <line number="92" hits="1"/>
            <line number="93" hits="1"/>
            <line number="95" hits="1"/>
            <line number="96" hits="1"/>
            <line number="97" hits="1"/>
            <line number="98" hits="1"/>
            <line number="99" hits="1"/>
            <line number="101" hits="1"/>
            <line number="102" hits="1"/>
            <line number="104" hits="1"/>
            <line number="105" hits="1"/>
            <line number="106" hits="1"/>
            <line number="107" hits="1"/>
            <line number="108" hits="0"/>
            <line number="110" hits="1"/>
            <line number="111" hits="1"/>
            <line number="113" hits="1"/>
            <line number="114" hits="1"/>
            <line number="115" hits="1"/>
            <line number="117" hits="0"/>
            <line number="119" hits="1"/>
            <line number="120" hits="1"/>
            <line number="122" hits="1"/>
            <line number="124" hits="1"/>
            <line number="125" hits="1"/>
            <line number="126" hits="1"/>
          </lines>
        </class>
        <class name="GamePlayerStart.cpp" filename="dev\UnrealProjects\UnrealPokemon\Source\GridBased2D\GridBased2D\Private\Characters\GamePlayerStart.cpp" line-rate="1" branch-rate="0" complexity="0">
          <methods/>
          <lines>
            <line number="9" hits="1"/>
            <line number="11" hits="1"/>
            <line number="13" hits="1"/>
            <line number="14" hits="1"/>
            <line number="15" hits="1"/>
            <line number="16" hits="1"/>
            <line number="17" hits="1"/>
          </lines>
        </class>
        <class name="GridBased2D.cpp" filename="dev\UnrealProjects\UnrealPokemon\Source\GridBased2D\GridBased2D\Private\GridBased2D.cpp" line-rate="0.59999999999999998" branch-rate="0" complexity="0">
          <methods/>
          <lines>
            <line number="6" hits="1"/>
            <line number="8" hits="1"/>
            <line number="10" hits="0"/>
            <line number="12" hits="0"/>
            <line number="14" hits="1"/>
          </lines>
        </class>
        <class name="GridBased2DSettings.cpp" filename="dev\UnrealProjects\UnrealPokemon\Source\GridBased2D\GridBased2D\Private\GridBased2DSettings.cpp" line-rate="1" branch-rate="0" complexity="0">
          <methods/>
          <lines>
            <line number="6" hits="1"/>
            <line number="7" hits="1"/>
            <line number="8" hits="1"/>
          </lines>
        </class>
        <class name="GridBasedGameModeBase.cpp" filename="dev\UnrealProjects\UnrealPokemon\Source\GridBased2D\GridBased2D\Private\GridBasedGameModeBase.cpp" line-rate="0.38095238095238093" branch-rate="0" complexity="0">
          <methods/>
          <lines>
            <line number="6" hits="1"/>
            <line number="7" hits="1"/>
            <line number="8" hits="1"/>
            <line number="10" hits="1"/>
            <line number="11" hits="1"/>
            <line number="12" hits="1"/>
            <line number="13" hits="1"/>
            <line number="14" hits="1"/>
            <line number="16" hits="0"/>
            <line number="17" hits="0"/>
            <line number="18" hits="0"/>
            <line number="19" hits="0"/>
            <line number="21" hits="0"/>
            <line number="22" hits="0"/>
            <line number="23" hits="0"/>
            <line number="24" hits="0"/>
            <line number="25" hits="0"/>
            <line number="27" hits="0"/>
            <line number="28" hits="0"/>
            <line number="29" hits="0"/>
            <line number="30" hits="0"/>
          </lines>
        </class>
        <class name="GridUtils.cpp" filename="dev\UnrealProjects\UnrealPokemon\Source\GridBased2D\GridBased2D\Private\GridUtils.cpp" line-rate="0.79166666666666663" branch-rate="0" complexity="0">
          <methods/>
          <lines>
            <line number="7" hits="1"/>
            <line number="9" hits="1"/>
            <line number="10" hits="1"/>
            <line number="13" hits="1"/>
            <line number="14" hits="1"/>
            <line number="17" hits="1"/>
            <line number="18" hits="1"/>
            <line number="21" hits="1"/>
            <line number="22" hits="1"/>
            <line number="25" hits="0"/>
            <line number="26" hits="1"/>
            <line number="28" hits="1"/>
            <line number="29" hits="1"/>
            <line number="32" hits="0"/>
            <line number="34" hits="0"/>
            <line number="36" hits="1"/>
            <line number="38" hits="0"/>
            <line number="41" hits="0"/>
            <line number="42" hits="1"/>
            <line number="44" hits="1"/>
            <line number="45" hits="1"/>
            <line number="46" hits="1"/>
            <line number="47" hits="1"/>
            <line number="48" hits="1"/>
          </lines>
        </class>
        <class name="InteractableActor.cpp" filename="dev\UnrealProjects\UnrealPokemon\Source\GridBased2D\GridBased2D\Private\Interaction\InteractableActor.cpp" line-rate="0.5" branch-rate="0" complexity="0">
          <methods/>
          <lines>
            <line number="7" hits="0"/>
            <line number="8" hits="0"/>
            <line number="9" hits="0"/>
            <line number="11" hits="1"/>
            <line number="12" hits="1"/>
            <line number="13" hits="1"/>
          </lines>
        </class>
        <class name="GridBasedMap.cpp" filename="dev\UnrealProjects\UnrealPokemon\Source\GridBased2D\GridBased2D\Private\Map\GridBasedMap.cpp" line-rate="0.81818181818181823" branch-rate="0" complexity="0">
          <methods/>
          <lines>
            <line number="16" hits="1"/>
            <line number="18" hits="1"/>
            <line number="20" hits="1"/>
            <line number="22" hits="1"/>
            <line number="23" hits="1"/>
            <line number="24" hits="1"/>
            <line number="27" hits="1"/>
            <line number="29" hits="1"/>
            <line number="31" hits="1"/>
            <line number="32" hits="1"/>
            <line number="33" hits="1"/>
            <line number="34" hits="1"/>
            <line number="36" hits="0"/>
            <line number="37" hits="0"/>
            <line number="38" hits="0"/>
            <line number="39" hits="0"/>
            <line number="41" hits="0"/>
            <line number="42" hits="0"/>
            <line number="43" hits="0"/>
            <line number="44" hits="0"/>
            <line number="46" hits="1"/>
            <line number="47" hits="1"/>
            <line number="48" hits="1"/>
            <line number="49" hits="1"/>
            <line number="51" hits="0"/>
            <line number="52" hits="0"/>
            <line number="53" hits="0"/>
            <line number="54" hits="0"/>
            <line number="56" hits="1"/>
            <line number="57" hits="1"/>
            <line number="59" hits="1"/>
            <line number="61" hits="1"/>
            <line number="62" hits="1"/>
            <line number="65" hits="1"/>
            <line number="66" hits="1"/>
            <line number="67" hits="1"/>
            <line number="68" hits="1"/>
            <line number="69" hits="1"/>
            <line number="70" hits="1"/>
            <line number="73" hits="1"/>
            <line number="74" hits="1"/>
            <line number="75" hits="1"/>
            <line number="76" hits="1"/>
            <line number="78" hits="1"/>
            <line number="79" hits="1"/>
            <line number="80" hits="1"/>
            <line number="83" hits="1"/>
            <line number="84" hits="1"/>
            <line number="85" hits="1"/>
            <line number="86" hits="1"/>
            <line number="87" hits="1"/>
            <line number="88" hits="1"/>
            <line number="90" hits="1"/>
            <line number="91" hits="1"/>
            <line number="92" hits="1"/>
            <line number="94" hits="1"/>
            <line number="95" hits="1"/>
            <line number="96" hits="1"/>
            <line number="98" hits="1"/>
            <line number="99" hits="1"/>
            <line number="100" hits="1"/>
            <line number="102" hits="1"/>
            <line number="103" hits="1"/>
            <line number="104" hits="1"/>
            <line number="106" hits="0"/>
            <line number="107" hits="0"/>
            <line number="108" hits="0"/>
            <line number="109" hits="0"/>
            <line number="111" hits="1"/>
            <line number="112" hits="1"/>
            <line number="113" hits="1"/>
            <line number="115" hits="1"/>
            <line number="116" hits="1"/>
            <line number="117" hits="1"/>
            <line number="119" hits="1"/>
            <line number="120" hits="1"/>
            <line number="121" hits="1"/>
            <line number="123" hits="1"/>
            <line number="124" hits="1"/>
            <line number="125" hits="1"/>
            <line number="126" hits="1"/>
            <line number="128" hits="1"/>
            <line number="130" hits="1"/>
            <line number="132" hits="1"/>
            <line number="133" hits="1"/>
            <line number="134" hits="1"/>
            <line number="135" hits="1"/>
            <line number="137" hits="1"/>
          </lines>
        </class>
        <class name="MapAudioUtilities.cpp" filename="dev\UnrealProjects\UnrealPokemon\Source\GridBased2D\GridBased2D\Private\Map\MapAudioUtilities.cpp" line-rate="1" branch-rate="0" complexity="0">
          <methods/>
          <lines>
            <line number="11" hits="1"/>
            <line number="12" hits="1"/>
            <line number="13" hits="1"/>
            <line number="15" hits="1"/>
            <line number="16" hits="1"/>
            <line number="18" hits="1"/>
            <line number="19" hits="1"/>
            <line number="20" hits="1"/>
            <line number="22" hits="1"/>
            <line number="23" hits="1"/>
            <line number="25" hits="1"/>
            <line number="26" hits="1"/>
            <line number="27" hits="1"/>
            <line number="29" hits="1"/>
            <line number="30" hits="1"/>
            <line number="32" hits="1"/>
            <line number="33" hits="1"/>
            <line number="34" hits="1"/>
            <line number="36" hits="1"/>
            <line number="37" hits="1"/>
            <line number="39" hits="1"/>
            <line number="40" hits="1"/>
            <line number="41" hits="1"/>
            <line number="42" hits="1"/>
            <line number="44" hits="1"/>
            <line number="46" hits="1"/>
            <line number="47" hits="1"/>
            <line number="48" hits="1"/>
            <line number="49" hits="1"/>
            <line number="50" hits="1"/>
            <line number="53" hits="1"/>
            <line number="54" hits="1"/>
            <line number="55" hits="1"/>
            <line number="57" hits="1"/>
            <line number="58" hits="1"/>
            <line number="60" hits="1"/>
            <line number="61" hits="1"/>
            <line number="62" hits="1"/>
            <line number="63" hits="1"/>
            <line number="64" hits="1"/>
          </lines>
        </class>
        <class name="MapSubsystem.cpp" filename="dev\UnrealProjects\UnrealPokemon\Source\GridBased2D\GridBased2D\Private\Map\MapSubsystem.cpp" line-rate="0.96907216494845361" branch-rate="0" complexity="0">
          <methods/>
          <lines>
            <line number="18" hits="1"/>
            <line number="19" hits="1"/>
            <line number="21" hits="1"/>
            <line number="22" hits="1"/>
            <line number="25" hits="1"/>
            <line number="27" hits="1"/>
            <line number="28" hits="0"/>
            <line number="31" hits="1"/>
            <line number="33" hits="1"/>
            <line number="35" hits="1"/>
            <line number="36" hits="1"/>
            <line number="37" hits="1"/>
            <line number="38" hits="1"/>
            <line number="40" hits="1"/>
            <line number="41" hits="1"/>
            <line number="42" hits="1"/>
            <line number="43" hits="1"/>
            <line number="45" hits="1"/>
            <line number="46" hits="1"/>
            <line number="48" hits="1"/>
            <line number="49" hits="1"/>
            <line number="50" hits="1"/>
            <line number="51" hits="0"/>
            <line number="54" hits="1"/>
            <line number="55" hits="1"/>
            <line number="57" hits="1"/>
            <line number="58" hits="1"/>
            <line number="60" hits="1"/>
            <line number="62" hits="1"/>
            <line number="63" hits="1"/>
            <line number="65" hits="1"/>
            <line number="67" hits="1"/>
            <line number="68" hits="1"/>
            <line number="69" hits="1"/>
            <line number="71" hits="1"/>
            <line number="72" hits="1"/>
            <line number="74" hits="1"/>
            <line number="78" hits="1"/>
            <line number="80" hits="1"/>
            <line number="81" hits="1"/>
            <line number="82" hits="1"/>
            <line number="84" hits="1"/>
            <line number="85" hits="1"/>
            <line number="86" hits="1"/>
            <line number="88" hits="1"/>
            <line number="89" hits="1"/>
            <line number="91" hits="1"/>
            <line number="92" hits="1"/>
            <line number="93" hits="1"/>
            <line number="94" hits="1"/>
            <line number="98" hits="1"/>
            <line number="100" hits="1"/>
            <line number="101" hits="1"/>
            <line number="102" hits="1"/>
            <line number="103" hits="1"/>
            <line number="104" hits="1"/>
            <line number="105" hits="1"/>
            <line number="107" hits="1"/>
            <line number="109" hits="1"/>
            <line number="110" hits="1"/>
            <line number="112" hits="1"/>
            <line number="114" hits="1"/>
            <line number="115" hits="1"/>
            <line number="117" hits="1"/>
            <line number="118" hits="1"/>
            <line number="119" hits="1"/>
            <line number="120" hits="1"/>
            <line number="121" hits="1"/>
            <line number="123" hits="1"/>
            <line number="124" hits="1"/>
            <line number="125" hits="1"/>
            <line number="126" hits="1"/>
            <line number="127" hits="1"/>
            <line number="128" hits="1"/>
            <line number="129" hits="1"/>
            <line number="132" hits="1"/>
            <line number="133" hits="1"/>
            <line number="136" hits="1"/>
            <line number="137" hits="1"/>
            <line number="139" hits="1"/>
            <line number="141" hits="1"/>
            <line number="143" hits="1"/>
            <line number="144" hits="1"/>
            <line number="147" hits="1"/>
            <line number="148" hits="0"/>
            <line number="150" hits="1"/>
            <line number="152" hits="1"/>
            <line number="153" hits="1"/>
            <line number="154" hits="1"/>
            <line number="155" hits="1"/>
            <line number="156" hits="1"/>
            <line number="157" hits="1"/>
            <line number="159" hits="1"/>
            <line number="160" hits="1"/>
            <line number="161" hits="1"/>
            <line number="162" hits="1"/>
            <line number="163" hits="1"/>
          </lines>
        </class>
        <class name="WarpingUtilities.cpp" filename="dev\UnrealProjects\UnrealPokemon\Source\GridBased2D\GridBased2D\Private\Map\WarpingUtilities.cpp" line-rate="0.77777777777777779" branch-rate="0" complexity="0">
          <methods/>
          <lines>
            <line number="11" hits="1"/>
            <line number="12" hits="1"/>
            <line number="13" hits="1"/>
            <line number="14" hits="1"/>
            <line number="16" hits="1"/>
            <line number="17" hits="0"/>
            <line number="18" hits="0"/>
            <line number="19" hits="1"/>
            <line number="21" hits="1"/>
          </lines>
        </class>
        <class name="MoveInDirection.cpp" filename="dev\UnrealProjects\UnrealPokemon\Source\GridBased2D\GridBased2D\Private\Movement\MoveInDirection.cpp" line-rate="1" branch-rate="0" complexity="0">
          <methods/>
          <lines>
            <line number="8" hits="1"/>
            <line number="9" hits="1"/>
            <line number="10" hits="1"/>
            <line number="11" hits="1"/>
            <line number="12" hits="1"/>
            <line number="13" hits="1"/>
            <line number="15" hits="1"/>
            <line number="16" hits="1"/>
            <line number="17" hits="1"/>
            <line number="18" hits="1"/>
            <line number="19" hits="1"/>
            <line number="20" hits="1"/>
            <line number="23" hits="1"/>
            <line number="24" hits="1"/>
            <line number="25" hits="1"/>
            <line number="28" hits="1"/>
            <line number="29" hits="1"/>
            <line number="30" hits="1"/>
          </lines>
        </class>
        <class name="FadeScreenIn.cpp" filename="dev\UnrealProjects\UnrealPokemon\Source\GridBased2D\GridBased2D\Private\ScreenTransitions\FadeScreenIn.cpp" line-rate="0.80000000000000004" branch-rate="0" complexity="0">
          <methods/>
          <lines>
            <line number="9" hits="1"/>
            <line number="10" hits="1"/>
            <line number="11" hits="1"/>
            <line number="12" hits="1"/>
            <line number="13" hits="1"/>
            <line number="15" hits="1"/>
            <line number="16" hits="1"/>
            <line number="17" hits="1"/>
            <line number="19" hits="1"/>
            <line number="20" hits="1"/>
            <line number="21" hits="1"/>
            <line number="22" hits="1"/>
            <line number="24" hits="0"/>
            <line number="25" hits="0"/>
            <line number="26" hits="0"/>
          </lines>
        </class>
        <class name="FadeScreenOut.cpp" filename="dev\UnrealProjects\UnrealPokemon\Source\GridBased2D\GridBased2D\Private\ScreenTransitions\FadeScreenOut.cpp" line-rate="1" branch-rate="0" complexity="0">
          <methods/>
          <lines>
            <line number="8" hits="1"/>
            <line number="9" hits="1"/>
            <line number="10" hits="1"/>
            <line number="11" hits="1"/>
            <line number="12" hits="1"/>
            <line number="14" hits="1"/>
            <line number="15" hits="1"/>
            <line number="16" hits="1"/>
            <line number="18" hits="1"/>
            <line number="19" hits="1"/>
            <line number="20" hits="1"/>
            <line number="21" hits="1"/>
            <line number="23" hits="1"/>
            <line number="24" hits="1"/>
            <line number="25" hits="1"/>
          </lines>
        </class>
        <class name="DirectionalSprite.h" filename="dev\UnrealProjects\UnrealPokemon\Source\GridBased2D\GridBased2D\Public\Characters\DirectionalSprite.h" line-rate="1" branch-rate="0" complexity="0">
          <methods/>
          <lines>
            <line number="26" hits="1"/>
          </lines>
        </class>
        <class name="GameCharacter.h" filename="dev\UnrealProjects\UnrealPokemon\Source\GridBased2D\GridBased2D\Public\Characters\GameCharacter.h" line-rate="1" branch-rate="0" complexity="0">
          <methods/>
          <lines>
            <line number="172" hits="1"/>
            <line number="178" hits="1"/>
          </lines>
        </class>
        <class name="GridUtils.h" filename="dev\UnrealProjects\UnrealPokemon\Source\GridBased2D\GridBased2D\Public\GridUtils.h" line-rate="1" branch-rate="0" complexity="0">
          <methods/>
          <lines>
            <line number="37" hits="1"/>
            <line number="38" hits="1"/>
            <line number="41" hits="1"/>
            <line number="42" hits="1"/>
            <line number="44" hits="1"/>
            <line number="45" hits="1"/>
            <line number="47" hits="1"/>
            <line number="48" hits="1"/>
            <line number="50" hits="1"/>
            <line number="53" hits="1"/>
            <line number="70" hits="1"/>
            <line number="71" hits="1"/>
            <line number="72" hits="1"/>
            <line number="73" hits="1"/>
            <line number="75" hits="1"/>
            <line number="76" hits="1"/>
            <line number="77" hits="1"/>
            <line number="79" hits="1"/>
            <line number="80" hits="1"/>
          </lines>
        </class>
        <class name="GridBasedMap.h" filename="dev\UnrealProjects\UnrealPokemon\Source\GridBased2D\GridBased2D\Public\Map\GridBasedMap.h" line-rate="1" branch-rate="0" complexity="0">
          <methods/>
          <lines>
            <line number="124" hits="1"/>
          </lines>
        </class>
      </classes>
    </package>
    <package name="D:\dev\UnrealProjects\UnrealPokemon\Binaries\Win64\UnrealEditor-GridBased2DEditor-Win64-DebugGame.dll" line-rate="0.61971830985915488" branch-rate="0" complexity="0">
      <classes>
        <class name="CharsetAssetActions.cpp" filename="dev\UnrealProjects\UnrealPokemon\Source\GridBased2D\GridBased2DEditor\Private\Charset\CharsetAssetActions.cpp" line-rate="0.80000000000000004" branch-rate="0" complexity="0">
          <methods/>
          <lines>
            <line number="7" hits="1"/>
            <line number="8" hits="1"/>
            <line number="9" hits="1"/>
            <line number="11" hits="1"/>
            <line number="12" hits="1"/>
            <line number="13" hits="1"/>
            <line number="15" hits="1"/>
            <line number="16" hits="1"/>
            <line number="17" hits="1"/>
            <line number="19" hits="0"/>
            <line number="20" hits="0"/>
            <line number="21" hits="0"/>
            <line number="23" hits="1"/>
            <line number="24" hits="1"/>
            <line number="25" hits="1"/>
          </lines>
        </class>
        <class name="CharsetFactory.cpp" filename="dev\UnrealProjects\UnrealPokemon\Source\GridBased2D\GridBased2DEditor\Private\Charset\CharsetFactory.cpp" line-rate="1" branch-rate="0" complexity="0">
          <methods/>
          <lines>
            <line number="4" hits="1"/>
            <line number="5" hits="1"/>
            <line number="6" hits="1"/>
            <line number="7" hits="1"/>
            <line number="8" hits="1"/>
            <line number="11" hits="1"/>
            <line number="12" hits="1"/>
            <line number="13" hits="1"/>
            <line number="15" hits="1"/>
            <line number="16" hits="1"/>
            <line number="17" hits="1"/>
          </lines>
        </class>
        <class name="CharsetThumbnailRenderer.cpp" filename="dev\UnrealProjects\UnrealPokemon\Source\GridBased2D\GridBased2DEditor\Private\Charset\CharsetThumbnailRenderer.cpp" line-rate="0.42857142857142855" branch-rate="0" complexity="0">
          <methods/>
          <lines>
            <line number="8" hits="1"/>
            <line number="9" hits="1"/>
            <line number="10" hits="1"/>
            <line number="12" hits="1"/>
            <line number="13" hits="1"/>
            <line number="14" hits="1"/>
            <line number="15" hits="1"/>
            <line number="17" hits="1"/>
            <line number="18" hits="1"/>
            <line number="21" hits="0"/>
            <line number="22" hits="0"/>
            <line number="23" hits="0"/>
            <line number="24" hits="0"/>
            <line number="26" hits="0"/>
            <line number="27" hits="0"/>
            <line number="28" hits="0"/>
            <line number="30" hits="0"/>
            <line number="31" hits="0"/>
            <line number="32" hits="0"/>
            <line number="34" hits="0"/>
            <line number="35" hits="0"/>
          </lines>
        </class>
        <class name="GridBasedMapDetails.cpp" filename="dev\UnrealProjects\UnrealPokemon\Source\GridBased2D\GridBased2DEditor\Private\Details\GridBasedMapDetails.cpp" line-rate="0" branch-rate="0" complexity="0">
          <methods/>
          <lines>
            <line number="9" hits="0"/>
            <line number="10" hits="0"/>
            <line number="11" hits="0"/>
            <line number="13" hits="0"/>
            <line number="14" hits="0"/>
            <line number="15" hits="0"/>
            <line number="16" hits="0"/>
            <line number="17" hits="0"/>
            <line number="18" hits="0"/>
            <line number="19" hits="0"/>
          </lines>
        </class>
        <class name="GridBased2DEditor.cpp" filename="dev\UnrealProjects\UnrealPokemon\Source\GridBased2D\GridBased2DEditor\Private\GridBased2DEditor.cpp" line-rate="0.8571428571428571" branch-rate="0" complexity="0">
          <methods/>
          <lines>
            <line number="13" hits="1"/>
            <line number="14" hits="1"/>
            <line number="16" hits="1"/>
            <line number="17" hits="1"/>
            <line number="18" hits="1"/>
            <line number="20" hits="1"/>
            <line number="22" hits="1"/>
            <line number="24" hits="1"/>
            <line number="25" hits="1"/>
            <line number="28" hits="1"/>
            <line number="29" hits="1"/>
            <line number="31" hits="0"/>
            <line number="33" hits="0"/>
            <line number="35" hits="1"/>
          </lines>
        </class>
      </classes>
    </package>
    <package name="D:\dev\UnrealProjects\UnrealPokemon\Binaries\Win64\UnrealEditor-PokemonCore-Win64-DebugGame.dll" line-rate="0.72006220839813373" branch-rate="0" complexity="0">
      <classes>
        <class name="PokemonSubsystem.cpp" filename="dev\UnrealProjects\UnrealPokemon\Source\PokemonCore\PokemonCore\Private\Managers\PokemonSubsystem.cpp" line-rate="0.8571428571428571" branch-rate="0" complexity="0">
          <methods/>
          <lines>
            <line number="12" hits="1"/>
            <line number="15" hits="1"/>
            <line number="16" hits="1"/>
            <line number="17" hits="1"/>
            <line number="18" hits="1"/>
            <line number="21" hits="1"/>
            <line number="22" hits="1"/>
            <line number="24" hits="1"/>
            <line number="26" hits="1"/>
            <line number="27" hits="1"/>
            <line number="29" hits="1"/>
            <line number="30" hits="1"/>
            <line number="31" hits="1"/>
            <line number="32" hits="1"/>
            <line number="34" hits="1"/>
            <line number="35" hits="1"/>
            <line number="36" hits="1"/>
            <line number="38" hits="1"/>
            <line number="39" hits="1"/>
            <line number="40" hits="1"/>
            <line number="42" hits="1"/>
            <line number="43" hits="1"/>
            <line number="44" hits="1"/>
            <line number="45" hits="1"/>
            <line number="47" hits="0"/>
            <line number="48" hits="0"/>
            <line number="49" hits="0"/>
            <line number="50" hits="0"/>
          </lines>
        </class>
        <class name="DefaultMove.cpp" filename="dev\UnrealProjects\UnrealPokemon\Source\PokemonCore\PokemonCore\Private\Moves\DefaultMove.cpp" line-rate="0" branch-rate="0" complexity="0">
          <methods/>
          <lines>
            <line number="9" hits="0"/>
            <line number="16" hits="0"/>
            <line number="17" hits="0"/>
            <line number="18" hits="0"/>
            <line number="19" hits="0"/>
            <line number="20" hits="0"/>
            <line number="22" hits="0"/>
            <line number="23" hits="0"/>
            <line number="25" hits="0"/>
            <line number="26" hits="0"/>
            <line number="27" hits="0"/>
            <line number="29" hits="0"/>
            <line number="30" hits="0"/>
            <line number="31" hits="0"/>
            <line number="33" hits="0"/>
            <line number="35" hits="0"/>
            <line number="36" hits="0"/>
            <line number="38" hits="0"/>
            <line number="39" hits="0"/>
            <line number="40" hits="0"/>
            <line number="42" hits="0"/>
            <line number="43" hits="0"/>
            <line number="44" hits="0"/>
          </lines>
        </class>
        <class name="Move.cpp" filename="dev\UnrealProjects\UnrealPokemon\Source\PokemonCore\PokemonCore\Private\Moves\Move.cpp" line-rate="0" branch-rate="0" complexity="0">
          <methods/>
          <lines>
            <line number="4" hits="0"/>
          </lines>
        </class>
        <class name="Erratic.cpp" filename="dev\UnrealProjects\UnrealPokemon\Source\PokemonCore\PokemonCore\Private\Pokemon\Exp\Erratic.cpp" line-rate="0.80000000000000004" branch-rate="0" complexity="0">
          <methods/>
          <lines>
            <line number="9" hits="1"/>
            <line number="10" hits="1"/>
            <line number="12" hits="1"/>
            <line number="13" hits="1"/>
            <line number="15" hits="1"/>
            <line number="16" hits="1"/>
            <line number="18" hits="1"/>
            <line number="19" hits="1"/>
            <line number="21" hits="1"/>
            <line number="22" hits="1"/>
            <line number="24" hits="1"/>
            <line number="25" hits="1"/>
            <line number="27" hits="0"/>
            <line number="28" hits="0"/>
            <line number="29" hits="0"/>
          </lines>
        </class>
        <class name="Fast.cpp" filename="dev\UnrealProjects\UnrealPokemon\Source\PokemonCore\PokemonCore\Private\Pokemon\Exp\Fast.cpp" line-rate="0.66666666666666663" branch-rate="0" complexity="0">
          <methods/>
          <lines>
            <line number="9" hits="1"/>
            <line number="10" hits="1"/>
            <line number="12" hits="1"/>
            <line number="13" hits="1"/>
            <line number="15" hits="1"/>
            <line number="16" hits="1"/>
            <line number="18" hits="0"/>
            <line number="19" hits="0"/>
            <line number="20" hits="0"/>
          </lines>
        </class>
        <class name="Fluctuating.cpp" filename="dev\UnrealProjects\UnrealPokemon\Source\PokemonCore\PokemonCore\Private\Pokemon\Exp\Fluctuating.cpp" line-rate="0.76923076923076927" branch-rate="0" complexity="0">
          <methods/>
          <lines>
            <line number="9" hits="1"/>
            <line number="10" hits="1"/>
            <line number="12" hits="1"/>
            <line number="13" hits="1"/>
            <line number="15" hits="1"/>
            <line number="16" hits="1"/>
            <line number="18" hits="1"/>
            <line number="19" hits="1"/>
            <line number="21" hits="1"/>
            <line number="22" hits="1"/>
            <line number="24" hits="0"/>
            <line number="25" hits="0"/>
            <line number="26" hits="0"/>
          </lines>
        </class>
        <class name="GrowthRate.cpp" filename="dev\UnrealProjects\UnrealPokemon\Source\PokemonCore\PokemonCore\Private\Pokemon\Exp\GrowthRate.cpp" line-rate="1" branch-rate="0" complexity="0">
          <methods/>
          <lines>
            <line number="6" hits="1"/>
          </lines>
        </class>
        <class name="Medium.cpp" filename="dev\UnrealProjects\UnrealPokemon\Source\PokemonCore\PokemonCore\Private\Pokemon\Exp\Medium.cpp" line-rate="0.66666666666666663" branch-rate="0" complexity="0">
          <methods/>
          <lines>
            <line number="9" hits="1"/>
            <line number="10" hits="1"/>
            <line number="12" hits="1"/>
            <line number="13" hits="1"/>
            <line number="15" hits="1"/>
            <line number="16" hits="1"/>
            <line number="18" hits="0"/>
            <line number="19" hits="0"/>
            <line number="20" hits="0"/>
          </lines>
        </class>
        <class name="Parabolic.cpp" filename="dev\UnrealProjects\UnrealPokemon\Source\PokemonCore\PokemonCore\Private\Pokemon\Exp\Parabolic.cpp" line-rate="0.66666666666666663" branch-rate="0" complexity="0">
          <methods/>
          <lines>
            <line number="9" hits="1"/>
            <line number="10" hits="1"/>
            <line number="12" hits="1"/>
            <line number="13" hits="1"/>
            <line number="15" hits="1"/>
            <line number="16" hits="1"/>
            <line number="18" hits="0"/>
            <line number="19" hits="0"/>
            <line number="20" hits="0"/>
          </lines>
        </class>
        <class name="Slow.cpp" filename="dev\UnrealProjects\UnrealPokemon\Source\PokemonCore\PokemonCore\Private\Pokemon\Exp\Slow.cpp" line-rate="0.66666666666666663" branch-rate="0" complexity="0">
          <methods/>
          <lines>
            <line number="9" hits="1"/>
            <line number="10" hits="1"/>
            <line number="12" hits="1"/>
            <line number="13" hits="1"/>
            <line number="15" hits="1"/>
            <line number="16" hits="1"/>
            <line number="18" hits="0"/>
            <line number="19" hits="0"/>
            <line number="20" hits="0"/>
          </lines>
        </class>
        <class name="GamePokemon.cpp" filename="dev\UnrealProjects\UnrealPokemon\Source\PokemonCore\PokemonCore\Private\Pokemon\GamePokemon.cpp" line-rate="0.8571428571428571" branch-rate="0" complexity="0">
          <methods/>
          <lines>
            <line number="22" hits="1"/>
            <line number="23" hits="1"/>
            <line number="24" hits="1"/>
            <line number="26" hits="1"/>
            <line number="27" hits="1"/>
            <line number="28" hits="1"/>
            <line number="29" hits="1"/>
            <line number="32" hits="1"/>
            <line number="34" hits="1"/>
            <line number="35" hits="1"/>
            <line number="36" hits="1"/>
            <line number="37" hits="1"/>
            <line number="39" hits="1"/>
            <line number="40" hits="1"/>
            <line number="41" hits="1"/>
            <line number="43" hits="1"/>
            <line number="45" hits="1"/>
            <line number="46" hits="1"/>
            <line number="47" hits="1"/>
            <line number="49" hits="1"/>
            <line number="52" hits="1"/>
            <line number="53" hits="1"/>
            <line number="55" hits="0"/>
            <line number="56" hits="0"/>
            <line number="57" hits="0"/>
            <line number="59" hits="0"/>
            <line number="60" hits="1"/>
            <line number="62" hits="1"/>
            <line number="63" hits="1"/>
            <line number="64" hits="1"/>
            <line number="66" hits="1"/>
            <line number="67" hits="1"/>
            <line number="68" hits="1"/>
            <line number="70" hits="1"/>
            <line number="71" hits="1"/>
            <line number="72" hits="1"/>
            <line number="74" hits="1"/>
            <line number="75" hits="1"/>
            <line number="76" hits="1"/>
            <line number="78" hits="1"/>
            <line number="79" hits="1"/>
            <line number="80" hits="1"/>
            <line number="82" hits="1"/>
            <line number="83" hits="1"/>
            <line number="89" hits="1"/>
            <line number="90" hits="1"/>
            <line number="91" hits="1"/>
            <line number="93" hits="1"/>
            <line number="95" hits="1"/>
            <line number="97" hits="1"/>
            <line number="98" hits="1"/>
            <line number="99" hits="1"/>
            <line number="102" hits="0"/>
            <line number="103" hits="1"/>
            <line number="105" hits="1"/>
            <line number="107" hits="1"/>
            <line number="108" hits="0"/>
            <line number="110" hits="1"/>
            <line number="111" hits="0"/>
            <line number="112" hits="0"/>
            <line number="113" hits="0"/>
            <line number="115" hits="1"/>
            <line number="116" hits="1"/>
          </lines>
        </class>
        <class name="Pokemon.cpp" filename="dev\UnrealProjects\UnrealPokemon\Source\PokemonCore\PokemonCore\Private\Pokemon\Pokemon.cpp" line-rate="0.5" branch-rate="0" complexity="0">
          <methods/>
          <lines>
            <line number="4" hits="0"/>
            <line number="6" hits="1"/>
          </lines>
        </class>
        <class name="PokemonBuilder.cpp" filename="dev\UnrealProjects\UnrealPokemon\Source\PokemonCore\PokemonCore\Private\Pokemon\PokemonBuilder.cpp" line-rate="0.58823529411764708" branch-rate="0" complexity="0">
          <methods/>
          <lines>
            <line number="10" hits="1"/>
            <line number="11" hits="1"/>
            <line number="12" hits="1"/>
            <line number="13" hits="1"/>
            <line number="15" hits="1"/>
            <line number="16" hits="1"/>
            <line number="17" hits="1"/>
            <line number="18" hits="1"/>
            <line number="20" hits="1"/>
            <line number="21" hits="1"/>
            <line number="22" hits="1"/>
            <line number="23" hits="1"/>
            <line number="24" hits="1"/>
            <line number="26" hits="0"/>
            <line number="27" hits="0"/>
            <line number="28" hits="0"/>
            <line number="29" hits="0"/>
            <line number="30" hits="0"/>
            <line number="32" hits="1"/>
            <line number="33" hits="1"/>
            <line number="34" hits="1"/>
            <line number="35" hits="1"/>
            <line number="36" hits="1"/>
            <line number="38" hits="1"/>
            <line number="39" hits="1"/>
            <line number="40" hits="1"/>
            <line number="41" hits="1"/>
            <line number="42" hits="1"/>
            <line number="44" hits="0"/>
            <line number="45" hits="0"/>
            <line number="46" hits="0"/>
            <line number="47" hits="0"/>
            <line number="49" hits="1"/>
            <line number="50" hits="1"/>
            <line number="51" hits="1"/>
            <line number="52" hits="1"/>
            <line number="54" hits="0"/>
            <line number="55" hits="0"/>
            <line number="56" hits="0"/>
            <line number="57" hits="0"/>
            <line number="58" hits="0"/>
            <line number="60" hits="1"/>
            <line number="61" hits="1"/>
            <line number="62" hits="1"/>
            <line number="63" hits="1"/>
            <line number="64" hits="1"/>
            <line number="66" hits="0"/>
            <line number="67" hits="0"/>
            <line number="68" hits="0"/>
            <line number="69" hits="0"/>
            <line number="71" hits="0"/>
            <line number="72" hits="0"/>
            <line number="73" hits="0"/>
            <line number="74" hits="0"/>
            <line number="76" hits="1"/>
            <line number="77" hits="1"/>
            <line number="78" hits="1"/>
            <line number="79" hits="1"/>
            <line number="81" hits="0"/>
            <line number="82" hits="0"/>
            <line number="83" hits="0"/>
            <line number="84" hits="0"/>
            <line number="86" hits="0"/>
            <line number="87" hits="0"/>
            <line number="88" hits="0"/>
            <line number="89" hits="0"/>
            <line number="91" hits="1"/>
            <line number="92" hits="1"/>
            <line number="93" hits="1"/>
            <line number="94" hits="1"/>
            <line number="96" hits="1"/>
            <line number="97" hits="1"/>
            <line number="98" hits="1"/>
            <line number="99" hits="1"/>
            <line number="100" hits="1"/>
            <line number="102" hits="1"/>
            <line number="104" hits="1"/>
            <line number="105" hits="1"/>
            <line number="107" hits="0"/>
            <line number="109" hits="0"/>
            <line number="110" hits="0"/>
            <line number="112" hits="1"/>
            <line number="114" hits="1"/>
            <line number="115" hits="1"/>
            <line number="117" hits="1"/>
            <line number="119" hits="1"/>
            <line number="120" hits="1"/>
            <line number="122" hits="0"/>
            <line number="123" hits="0"/>
            <line number="124" hits="0"/>
            <line number="126" hits="1"/>
            <line number="127" hits="1"/>
            <line number="128" hits="1"/>
            <line number="129" hits="1"/>
            <line number="130" hits="1"/>
            <line number="135" hits="0"/>
            <line number="136" hits="1"/>
            <line number="138" hits="0"/>
            <line number="139" hits="0"/>
            <line number="140" hits="0"/>
            <line number="143" hits="0"/>
            <line number="144" hits="0"/>
          </lines>
        </class>
        <class name="DefaultMainBattleStatEntry.cpp" filename="dev\UnrealProjects\UnrealPokemon\Source\PokemonCore\PokemonCore\Private\Pokemon\Stats\DefaultMainBattleStatEntry.cpp" line-rate="0.80000000000000004" branch-rate="0" complexity="0">
          <methods/>
          <lines>
            <line number="6" hits="1"/>
            <line number="8" hits="1"/>
            <line number="9" hits="1"/>
            <line number="10" hits="1"/>
            <line number="12" hits="1"/>
            <line number="13" hits="1"/>
            <line number="14" hits="1"/>
            <line number="15" hits="1"/>
            <line number="16" hits="1"/>
            <line number="17" hits="1"/>
            <line number="19" hits="1"/>
            <line number="20" hits="1"/>
            <line number="22" hits="0"/>
            <line number="23" hits="0"/>
            <line number="24" hits="0"/>
          </lines>
        </class>
        <class name="DefaultMainStatEntry.cpp" filename="dev\UnrealProjects\UnrealPokemon\Source\PokemonCore\PokemonCore\Private\Pokemon\Stats\DefaultMainStatEntry.cpp" line-rate="0.66666666666666663" branch-rate="0" complexity="0">
          <methods/>
          <lines>
            <line number="4" hits="1"/>
            <line number="6" hits="1"/>
            <line number="7" hits="1"/>
            <line number="9" hits="1"/>
            <line number="10" hits="1"/>
            <line number="11" hits="1"/>
            <line number="13" hits="0"/>
            <line number="14" hits="0"/>
            <line number="15" hits="0"/>
          </lines>
        </class>
        <class name="DefaultStatBlock.cpp" filename="dev\UnrealProjects\UnrealPokemon\Source\PokemonCore\PokemonCore\Private\Pokemon\Stats\DefaultStatBlock.cpp" line-rate="0.73636363636363633" branch-rate="0" complexity="0">
          <methods/>
          <lines>
            <line number="15" hits="1"/>
            <line number="22" hits="1"/>
            <line number="23" hits="1"/>
            <line number="24" hits="1"/>
            <line number="26" hits="1"/>
            <line number="27" hits="1"/>
            <line number="28" hits="1"/>
            <line number="29" hits="1"/>
            <line number="36" hits="1"/>
            <line number="37" hits="1"/>
            <line number="38" hits="1"/>
            <line number="41" hits="1"/>
            <line number="42" hits="1"/>
            <line number="43" hits="1"/>
            <line number="44" hits="1"/>
            <line number="45" hits="1"/>
            <line number="46" hits="1"/>
            <line number="48" hits="1"/>
            <line number="49" hits="1"/>
            <line number="50" hits="1"/>
            <line number="51" hits="1"/>
            <line number="54" hits="1"/>
            <line number="55" hits="1"/>
            <line number="57" hits="1"/>
            <line number="63" hits="1"/>
            <line number="64" hits="1"/>
            <line number="68" hits="0"/>
            <line number="69" hits="0"/>
            <line number="70" hits="0"/>
            <line number="71" hits="0"/>
            <line number="73" hits="0"/>
            <line number="74" hits="0"/>
            <line number="75" hits="0"/>
            <line number="76" hits="0"/>
            <line number="77" hits="0"/>
            <line number="81" hits="0"/>
            <line number="82" hits="0"/>
            <line number="83" hits="0"/>
            <line number="84" hits="0"/>
            <line number="85" hits="0"/>
            <line number="87" hits="0"/>
            <line number="88" hits="0"/>
            <line number="89" hits="0"/>
            <line number="90" hits="0"/>
            <line number="92" hits="0"/>
            <line number="93" hits="0"/>
            <line number="97" hits="1"/>
            <line number="98" hits="1"/>
            <line number="99" hits="1"/>
            <line number="101" hits="1"/>
            <line number="102" hits="1"/>
            <line number="103" hits="1"/>
            <line number="105" hits="1"/>
            <line number="106" hits="1"/>
            <line number="107" hits="0"/>
            <line number="109" hits="1"/>
            <line number="110" hits="1"/>
            <line number="112" hits="1"/>
            <line number="113" hits="1"/>
            <line number="114" hits="1"/>
            <line number="116" hits="1"/>
            <line number="117" hits="1"/>
            <line number="118" hits="1"/>
            <line number="119" hits="1"/>
            <line number="120" hits="1"/>
            <line number="122" hits="1"/>
            <line number="123" hits="1"/>
            <line number="124" hits="1"/>
            <line number="125" hits="1"/>
            <line number="127" hits="1"/>
            <line number="128" hits="1"/>
            <line number="129" hits="1"/>
            <line number="130" hits="1"/>
            <line number="132" hits="0"/>
            <line number="133" hits="0"/>
            <line number="134" hits="0"/>
            <line number="135" hits="0"/>
            <line number="136" hits="0"/>
            <line number="138" hits="1"/>
            <line number="139" hits="1"/>
            <line number="141" hits="1"/>
            <line number="142" hits="1"/>
            <line number="143" hits="1"/>
            <line number="144" hits="1"/>
            <line number="145" hits="1"/>
            <line number="147" hits="1"/>
            <line number="148" hits="1"/>
            <line number="149" hits="1"/>
            <line number="150" hits="1"/>
            <line number="151" hits="1"/>
            <line number="154" hits="1"/>
            <line number="155" hits="1"/>
            <line number="156" hits="1"/>
            <line number="157" hits="1"/>
            <line number="159" hits="1"/>
            <line number="160" hits="1"/>
            <line number="162" hits="1"/>
            <line number="163" hits="1"/>
            <line number="164" hits="1"/>
            <line number="166" hits="1"/>
            <line number="167" hits="1"/>
            <line number="169" hits="0"/>
            <line number="172" hits="1"/>
            <line number="173" hits="1"/>
            <line number="174" hits="1"/>
            <line number="175" hits="0"/>
            <line number="176" hits="0"/>
            <line number="178" hits="1"/>
            <line number="180" hits="1"/>
            <line number="181" hits="1"/>
          </lines>
        </class>
        <class name="DefaultStatEntry.cpp" filename="dev\UnrealProjects\UnrealPokemon\Source\PokemonCore\PokemonCore\Private\Pokemon\Stats\DefaultStatEntry.cpp" line-rate="0.77419354838709675" branch-rate="0" complexity="0">
          <methods/>
          <lines>
            <line number="10" hits="0"/>
            <line number="13" hits="1"/>
            <line number="14" hits="1"/>
            <line number="16" hits="1"/>
            <line number="17" hits="1"/>
            <line number="18" hits="1"/>
            <line number="20" hits="0"/>
            <line number="21" hits="0"/>
            <line number="22" hits="0"/>
            <line number="24" hits="0"/>
            <line number="25" hits="0"/>
            <line number="27" hits="1"/>
            <line number="28" hits="1"/>
            <line number="29" hits="1"/>
            <line number="31" hits="1"/>
            <line number="32" hits="1"/>
            <line number="33" hits="1"/>
            <line number="35" hits="1"/>
            <line number="36" hits="1"/>
            <line number="37" hits="1"/>
            <line number="39" hits="1"/>
            <line number="40" hits="1"/>
            <line number="41" hits="1"/>
            <line number="43" hits="1"/>
            <line number="44" hits="1"/>
            <line number="45" hits="0"/>
            <line number="48" hits="1"/>
            <line number="49" hits="1"/>
            <line number="51" hits="1"/>
            <line number="52" hits="1"/>
            <line number="53" hits="1"/>
          </lines>
        </class>
        <class name="StatBlock.cpp" filename="dev\UnrealProjects\UnrealPokemon\Source\PokemonCore\PokemonCore\Private\Pokemon\Stats\StatBlock.cpp" line-rate="0.77777777777777779" branch-rate="0" complexity="0">
          <methods/>
          <lines>
            <line number="7" hits="0"/>
            <line number="9" hits="1"/>
            <line number="11" hits="1"/>
            <line number="12" hits="1"/>
            <line number="13" hits="1"/>
            <line number="14" hits="1"/>
            <line number="15" hits="1"/>
            <line number="19" hits="0"/>
            <line number="20" hits="1"/>
          </lines>
        </class>
        <class name="StatEntry.cpp" filename="dev\UnrealProjects\UnrealPokemon\Source\PokemonCore\PokemonCore\Private\Pokemon\Stats\StatEntry.cpp" line-rate="0.75" branch-rate="0" complexity="0">
          <methods/>
          <lines>
            <line number="4" hits="0"/>
            <line number="6" hits="1"/>
            <line number="7" hits="1"/>
            <line number="8" hits="1"/>
          </lines>
        </class>
        <class name="StatUtils.cpp" filename="dev\UnrealProjects\UnrealPokemon\Source\PokemonCore\PokemonCore\Private\Pokemon\Stats\StatUtils.cpp" line-rate="0.23684210526315788" branch-rate="0" complexity="0">
          <methods/>
          <lines>
            <line number="12" hits="0"/>
            <line number="13" hits="0"/>
            <line number="14" hits="0"/>
            <line number="16" hits="0"/>
            <line number="17" hits="0"/>
            <line number="18" hits="0"/>
            <line number="19" hits="0"/>
            <line number="21" hits="0"/>
            <line number="22" hits="0"/>
            <line number="24" hits="0"/>
            <line number="25" hits="0"/>
            <line number="27" hits="1"/>
            <line number="28" hits="1"/>
            <line number="29" hits="1"/>
            <line number="31" hits="0"/>
            <line number="32" hits="0"/>
            <line number="33" hits="0"/>
            <line number="35" hits="0"/>
            <line number="36" hits="0"/>
            <line number="37" hits="0"/>
            <line number="38" hits="0"/>
            <line number="40" hits="0"/>
            <line number="41" hits="0"/>
            <line number="43" hits="0"/>
            <line number="44" hits="0"/>
            <line number="46" hits="0"/>
            <line number="47" hits="0"/>
            <line number="48" hits="0"/>
            <line number="50" hits="0"/>
            <line number="51" hits="0"/>
            <line number="52" hits="0"/>
            <line number="53" hits="0"/>
            <line number="55" hits="1"/>
            <line number="56" hits="1"/>
            <line number="57" hits="1"/>
            <line number="59" hits="1"/>
            <line number="61" hits="1"/>
            <line number="62" hits="1"/>
          </lines>
        </class>
        <class name="PokemonCore.cpp" filename="dev\UnrealProjects\UnrealPokemon\Source\PokemonCore\PokemonCore\Private\PokemonCore.cpp" line-rate="0.875" branch-rate="0" complexity="0">
          <methods/>
          <lines>
            <line number="15" hits="1"/>
            <line number="16" hits="1"/>
            <line number="17" hits="1"/>
            <line number="18" hits="1"/>
            <line number="19" hits="1"/>
            <line number="20" hits="1"/>
            <line number="21" hits="1"/>
            <line number="22" hits="1"/>
            <line number="24" hits="1"/>
            <line number="25" hits="1"/>
            <line number="27" hits="1"/>
            <line number="28" hits="1"/>
            <line number="29" hits="1"/>
            <line number="31" hits="0"/>
            <line number="33" hits="0"/>
            <line number="35" hits="1"/>
          </lines>
        </class>
        <class name="PokemonCoreSettings.cpp" filename="dev\UnrealProjects\UnrealPokemon\Source\PokemonCore\PokemonCore\Private\PokemonCoreSettings.cpp" line-rate="1" branch-rate="0" complexity="0">
          <methods/>
          <lines>
            <line number="8" hits="1"/>
            <line number="9" hits="1"/>
            <line number="10" hits="1"/>
            <line number="12" hits="1"/>
            <line number="13" hits="1"/>
            <line number="14" hits="1"/>
            <line number="16" hits="1"/>
            <line number="17" hits="1"/>
            <line number="18" hits="1"/>
            <line number="20" hits="1"/>
            <line number="21" hits="1"/>
            <line number="22" hits="1"/>
            <line number="24" hits="1"/>
            <line number="25" hits="1"/>
            <line number="26" hits="1"/>
            <line number="28" hits="1"/>
            <line number="29" hits="1"/>
            <line number="30" hits="1"/>
          </lines>
        </class>
        <class name="TrainerStub.cpp" filename="dev\UnrealProjects\UnrealPokemon\Source\PokemonCore\PokemonCore\Private\Trainers\TrainerStub.cpp" line-rate="0.75" branch-rate="0" complexity="0">
          <methods/>
          <lines>
            <line number="10" hits="1"/>
            <line number="12" hits="1"/>
            <line number="13" hits="1"/>
            <line number="14" hits="1"/>
            <line number="15" hits="1"/>
            <line number="16" hits="1"/>
            <line number="18" hits="1"/>
            <line number="19" hits="1"/>
            <line number="20" hits="1"/>
            <line number="22" hits="0"/>
            <line number="23" hits="0"/>
            <line number="24" hits="0"/>
          </lines>
        </class>
        <class name="PersonalityValueUtils.cpp" filename="dev\UnrealProjects\UnrealPokemon\Source\PokemonCore\PokemonCore\Private\Utilities\PersonalityValueUtils.cpp" line-rate="1" branch-rate="0" complexity="0">
          <methods/>
          <lines>
            <line number="8" hits="1"/>
            <line number="9" hits="1"/>
            <line number="10" hits="1"/>
            <line number="11" hits="1"/>
            <line number="12" hits="1"/>
            <line number="14" hits="1"/>
            <line number="15" hits="1"/>
            <line number="16" hits="1"/>
          </lines>
        </class>
        <class name="Erratic.h" filename="dev\UnrealProjects\UnrealPokemon\Source\PokemonCore\PokemonCore\Public\Pokemon\Exp\Erratic.h" line-rate="1" branch-rate="0" complexity="0">
          <methods/>
          <lines>
            <line number="12" hits="1"/>
          </lines>
        </class>
        <class name="Fast.h" filename="dev\UnrealProjects\UnrealPokemon\Source\PokemonCore\PokemonCore\Public\Pokemon\Exp\Fast.h" line-rate="1" branch-rate="0" complexity="0">
          <methods/>
          <lines>
            <line number="13" hits="1"/>
          </lines>
        </class>
        <class name="Fluctuating.h" filename="dev\UnrealProjects\UnrealPokemon\Source\PokemonCore\PokemonCore\Public\Pokemon\Exp\Fluctuating.h" line-rate="1" branch-rate="0" complexity="0">
          <methods/>
          <lines>
            <line number="13" hits="1"/>
          </lines>
        </class>
        <class name="Medium.h" filename="dev\UnrealProjects\UnrealPokemon\Source\PokemonCore\PokemonCore\Public\Pokemon\Exp\Medium.h" line-rate="1" branch-rate="0" complexity="0">
          <methods/>
          <lines>
            <line number="13" hits="1"/>
          </lines>
        </class>
        <class name="Parabolic.h" filename="dev\UnrealProjects\UnrealPokemon\Source\PokemonCore\PokemonCore\Public\Pokemon\Exp\Parabolic.h" line-rate="1" branch-rate="0" complexity="0">
          <methods/>
          <lines>
            <line number="13" hits="1"/>
          </lines>
        </class>
        <class name="Slow.h" filename="dev\UnrealProjects\UnrealPokemon\Source\PokemonCore\PokemonCore\Public\Pokemon\Exp\Slow.h" line-rate="1" branch-rate="0" complexity="0">
          <methods/>
          <lines>
            <line number="13" hits="1"/>
          </lines>
        </class>
        <class name="DefaultStatEntry.h" filename="dev\UnrealProjects\UnrealPokemon\Source\PokemonCore\PokemonCore\Public\Pokemon\Stats\DefaultStatEntry.h" line-rate="1" branch-rate="0" complexity="0">
          <methods/>
          <lines>
            <line number="70" hits="1"/>
          </lines>
        </class>
        <class name="DataManager.h" filename="dev\UnrealProjects\UnrealPokemon\Source\PokemonData\PokemonData\Public\DataManager.h" line-rate="1" branch-rate="0" complexity="0">
          <methods/>
          <lines>
            <line number="34" hits="1"/>
            <line number="35" hits="1"/>
            <line number="36" hits="1"/>
            <line number="37" hits="1"/>
            <line number="39" hits="1"/>
            <line number="40" hits="1"/>
            <line number="42" hits="1"/>
            <line number="43" hits="1"/>
            <line number="44" hits="1"/>
          </lines>
        </class>
        <class name="DataTableProxy.h" filename="dev\UnrealProjects\UnrealPokemon\Source\PokemonData\PokemonData\Public\DataRetrieval\DataTableProxy.h" line-rate="0.9285714285714286" branch-rate="0" complexity="0">
          <methods/>
          <lines>
            <line number="16" hits="0"/>
            <line number="17" hits="0"/>
            <line number="19" hits="1"/>
            <line number="20" hits="1"/>
            <line number="21" hits="1"/>
            <line number="23" hits="1"/>
            <line number="24" hits="1"/>
            <line number="25" hits="1"/>
            <line number="32" hits="1"/>
            <line number="33" hits="1"/>
            <line number="34" hits="1"/>
            <line number="36" hits="1"/>
            <line number="37" hits="1"/>
            <line number="38" hits="1"/>
            <line number="40" hits="1"/>
            <line number="41" hits="1"/>
            <line number="42" hits="1"/>
            <line number="44" hits="1"/>
            <line number="45" hits="1"/>
            <line number="46" hits="1"/>
            <line number="54" hits="1"/>
            <line number="55" hits="1"/>
            <line number="56" hits="1"/>
            <line number="57" hits="1"/>
            <line number="58" hits="1"/>
            <line number="59" hits="1"/>
            <line number="60" hits="1"/>
            <line number="61" hits="1"/>
          </lines>
        </class>
        <class name="OptionalUtilities.h" filename="dev\UnrealProjects\UnrealPokemon\Source\Utilities\PokemonUtilities\Public\DataTypes\OptionalUtilities.h" line-rate="0.90909090909090906" branch-rate="0" complexity="0">
          <methods/>
          <lines>
            <line number="15" hits="1"/>
            <line number="16" hits="1"/>
            <line number="17" hits="1"/>
            <line number="41" hits="1"/>
            <line number="42" hits="1"/>
            <line number="43" hits="1"/>
            <line number="58" hits="1"/>
            <line number="59" hits="1"/>
            <line number="60" hits="0"/>
            <line number="62" hits="1"/>
            <line number="63" hits="1"/>
          </lines>
        </class>
        <class name="RowPointer.h" filename="dev\UnrealProjects\UnrealPokemon\Source\Utilities\PokemonUtilities\Public\Memory\RowPointer.h" line-rate="1" branch-rate="0" complexity="0">
          <methods/>
          <lines>
            <line number="38" hits="1"/>
            <line number="39" hits="1"/>
            <line number="40" hits="1"/>
            <line number="41" hits="1"/>
            <line number="42" hits="1"/>
            <line number="48" hits="1"/>
            <line number="49" hits="1"/>
            <line number="50" hits="1"/>
            <line number="51" hits="1"/>
            <line number="52" hits="1"/>
            <line number="59" hits="1"/>
            <line number="60" hits="1"/>
            <line number="61" hits="1"/>
          </lines>
        </class>
        <class name="PokeRegistry.h" filename="dev\UnrealProjects\UnrealPokemon\Source\Utilities\PokemonUtilities\Public\Meta\PokeRegistry.h" line-rate="1" branch-rate="0" complexity="0">
          <methods/>
          <lines>
            <line number="36" hits="1"/>
            <line number="37" hits="1"/>
            <line number="38" hits="1"/>
            <line number="39" hits="1"/>
            <line number="46" hits="1"/>
            <line number="47" hits="1"/>
            <line number="48" hits="1"/>
            <line number="54" hits="1"/>
            <line number="55" hits="1"/>
            <line number="56" hits="1"/>
            <line number="57" hits="1"/>
            <line number="58" hits="1"/>
          </lines>
        </class>
        <class name="SharedPokeRegistry.h" filename="dev\UnrealProjects\UnrealPokemon\Source\Utilities\PokemonUtilities\Public\Meta\SharedPokeRegistry.h" line-rate="1" branch-rate="0" complexity="0">
          <methods/>
          <lines>
            <line number="34" hits="1"/>
            <line number="35" hits="1"/>
            <line number="36" hits="1"/>
          </lines>
        </class>
        <class name="UniquePokeRegistry.h" filename="dev\UnrealProjects\UnrealPokemon\Source\Utilities\PokemonUtilities\Public\Meta\UniquePokeRegistry.h" line-rate="1" branch-rate="0" complexity="0">
          <methods/>
          <lines>
            <line number="22" hits="1"/>
            <line number="23" hits="1"/>
            <line number="24" hits="1"/>
            <line number="35" hits="1"/>
            <line number="36" hits="1"/>
            <line number="37" hits="1"/>
          </lines>
        </class>
      </classes>
    </package>
    <package name="D:\dev\UnrealProjects\UnrealPokemon\Binaries\Win64\UnrealEditor-PokemonData-Win64-DebugGame.dll" line-rate="0.87817258883248728" branch-rate="0" complexity="0">
      <classes>
        <class name="DataManager.cpp" filename="dev\UnrealProjects\UnrealPokemon\Source\PokemonData\PokemonData\Private\DataManager.cpp" line-rate="0.90625" branch-rate="0" complexity="0">
          <methods/>
          <lines>
            <line number="8" hits="1"/>
            <line number="9" hits="1"/>
            <line number="10" hits="1"/>
            <line number="11" hits="1"/>
            <line number="12" hits="1"/>
            <line number="13" hits="0"/>
            <line number="15" hits="1"/>
            <line number="16" hits="1"/>
            <line number="17" hits="0"/>
            <line number="20" hits="1"/>
            <line number="21" hits="1"/>
            <line number="22" hits="0"/>
            <line number="24" hits="1"/>
            <line number="25" hits="1"/>
            <line number="26" hits="1"/>
            <line number="30" hits="1"/>
            <line number="31" hits="1"/>
            <line number="32" hits="1"/>
            <line number="33" hits="1"/>
            <line number="35" hits="1"/>
            <line number="36" hits="1"/>
            <line number="37" hits="1"/>
            <line number="38" hits="1"/>
            <line number="39" hits="1"/>
            <line number="40" hits="1"/>
            <line number="42" hits="1"/>
            <line number="43" hits="1"/>
            <line number="44" hits="1"/>
            <line number="45" hits="1"/>
            <line number="46" hits="1"/>
            <line number="47" hits="1"/>
            <line number="48" hits="1"/>
          </lines>
        </class>
        <class name="DataRegistry.cpp" filename="dev\UnrealProjects\UnrealPokemon\Source\PokemonData\PokemonData\Private\DataRetrieval\DataRegistry.cpp" line-rate="1" branch-rate="0" complexity="0">
          <methods/>
          <lines>
            <line number="11" hits="1"/>
            <line number="12" hits="1"/>
            <line number="13" hits="1"/>
            <line number="14" hits="1"/>
[...]
          <methods/>
          <lines>
            <line number="7" hits="1"/>
            <line number="8" hits="1"/>
            <line number="10" hits="1"/>
            <line number="11" hits="1"/>
            <line number="12" hits="1"/>
            <line number="13" hits="1"/>
            <line number="14" hits="1"/>
            <line number="16" hits="0"/>
            <line number="17" hits="0"/>
            <line number="18" hits="0"/>
            <line number="20" hits="1"/>
            <line number="21" hits="1"/>
            <line number="22" hits="1"/>
            <line number="23" hits="1"/>
            <line number="25" hits="1"/>
            <line number="26" hits="1"/>
            <line number="27" hits="1"/>
            <line number="29" hits="1"/>
            <line number="30" hits="1"/>
            <line number="31" hits="1"/>
            <line number="33" hits="0"/>
            <line number="34" hits="0"/>
            <line number="35" hits="0"/>
            <line number="37" hits="0"/>
            <line number="38" hits="0"/>
            <line number="39" hits="0"/>
            <line number="41" hits="1"/>
            <line number="42" hits="1"/>
            <line number="43" hits="0"/>
            <line number="45" hits="1"/>
            <line number="46" hits="1"/>
            <line number="47" hits="1"/>
            <line number="48" hits="1"/>
            <line number="50" hits="0"/>
            <line number="51" hits="0"/>
            <line number="52" hits="0"/>
            <line number="54" hits="0"/>
            <line number="55" hits="0"/>
            <line number="56" hits="0"/>
            <line number="57" hits="0"/>
            <line number="59" hits="1"/>
            <line number="60" hits="1"/>
            <line number="61" hits="1"/>
            <line number="63" hits="1"/>
            <line number="64" hits="1"/>
            <line number="65" hits="0"/>
            <line number="67" hits="1"/>
            <line number="68" hits="1"/>
            <line number="69" hits="1"/>
            <line number="71" hits="1"/>
            <line number="72" hits="1"/>
            <line number="73" hits="1"/>
            <line number="75" hits="1"/>
            <line number="76" hits="1"/>
            <line number="77" hits="1"/>
            <line number="78" hits="1"/>
            <line number="79" hits="1"/>
            <line number="80" hits="1"/>
            <line number="81" hits="1"/>
            <line number="82" hits="1"/>
            <line number="83" hits="1"/>
            <line number="84" hits="1"/>
            <line number="85" hits="1"/>
            <line number="86" hits="1"/>
            <line number="87" hits="1"/>
            <line number="88" hits="1"/>
            <line number="89" hits="1"/>
            <line number="92" hits="1"/>
            <line number="93" hits="1"/>
            <line number="95" hits="1"/>
            <line number="97" hits="1"/>
            <line number="99" hits="1"/>
            <line number="100" hits="1"/>
            <line number="101" hits="1"/>
            <line number="102" hits="1"/>
            <line number="105" hits="1"/>
            <line number="107" hits="1"/>
            <line number="109" hits="1"/>
            <line number="111" hits="1"/>
            <line number="113" hits="1"/>
            <line number="114" hits="1"/>
            <line number="116" hits="1"/>
            <line number="117" hits="0"/>
            <line number="119" hits="1"/>
            <line number="121" hits="1"/>
            <line number="122" hits="1"/>
            <line number="123" hits="1"/>
            <line number="124" hits="1"/>
            <line number="127" hits="1"/>
            <line number="128" hits="1"/>
            <line number="132" hits="1"/>
            <line number="134" hits="1"/>
            <line number="135" hits="1"/>
            <line number="139" hits="1"/>
            <line number="141" hits="1"/>
            <line number="142" hits="1"/>
            <line number="144" hits="1"/>
            <line number="146" hits="1"/>
            <line number="147" hits="1"/>
            <line number="152" hits="1"/>
            <line number="153" hits="1"/>
            <line number="155" hits="1"/>
            <line number="156" hits="1"/>
            <line number="157" hits="0"/>
            <line number="159" hits="1"/>
            <line number="160" hits="1"/>
          </lines>
        </class>
        <class name="Window.cpp" filename="dev\UnrealProjects\UnrealPokemon\Source\RPGMenus\RPGMenus\Private\Windows\Window.cpp" line-rate="0.90000000000000002" branch-rate="0" complexity="0">
          <methods/>
          <lines>
            <line number="6" hits="1"/>
            <line number="7" hits="1"/>
            <line number="8" hits="1"/>
            <line number="10" hits="1"/>
            <line number="11" hits="1"/>
            <line number="12" hits="1"/>
            <line number="14" hits="1"/>
            <line number="15" hits="1"/>
            <line number="17" hits="1"/>
            <line number="18" hits="1"/>
            <line number="20" hits="1"/>
            <line number="21" hits="1"/>
            <line number="22" hits="1"/>
            <line number="23" hits="1"/>
            <line number="25" hits="1"/>
            <line number="26" hits="1"/>
            <line number="28" hits="1"/>
            <line number="29" hits="0"/>
            <line number="30" hits="0"/>
            <line number="32" hits="1"/>
          </lines>
        </class>
        <class name="DisplayText.h" filename="dev\UnrealProjects\UnrealPokemon\Source\RPGMenus\RPGMenus\Public\Primatives\DisplayText.h" line-rate="1" branch-rate="0" complexity="0">
          <methods/>
          <lines>
            <line number="106" hits="1"/>
          </lines>
        </class>
        <class name="RPGPlayerController.h" filename="dev\UnrealProjects\UnrealPokemon\Source\RPGMenus\RPGMenus\Public\RPGPlayerController.h" line-rate="0.95652173913043481" branch-rate="0" complexity="0">
          <methods/>
          <lines>
            <line number="38" hits="1"/>
            <line number="39" hits="1"/>
            <line number="40" hits="1"/>
            <line number="41" hits="1"/>
            <line number="43" hits="1"/>
            <line number="44" hits="1"/>
            <line number="45" hits="1"/>
            <line number="47" hits="1"/>
            <line number="48" hits="1"/>
            <line number="49" hits="1"/>
            <line number="50" hits="1"/>
            <line number="52" hits="1"/>
            <line number="53" hits="1"/>
            <line number="64" hits="1"/>
            <line number="65" hits="1"/>
            <line number="66" hits="0"/>
            <line number="69" hits="1"/>
            <line number="70" hits="1"/>
            <line number="90" hits="1"/>
            <line number="91" hits="1"/>
            <line number="92" hits="1"/>
            <line number="94" hits="1"/>
            <line number="95" hits="1"/>
          </lines>
        </class>
        <class name="CommandWindow.h" filename="dev\UnrealProjects\UnrealPokemon\Source\RPGMenus\RPGMenus\Public\Windows\CommandWindow.h" line-rate="1" branch-rate="0" complexity="0">
          <methods/>
          <lines>
            <line number="157" hits="1"/>
            <line number="163" hits="1"/>
            <line number="170" hits="1"/>
          </lines>
        </class>
        <class name="MessageWindow.h" filename="dev\UnrealProjects\UnrealPokemon\Source\RPGMenus\RPGMenus\Public\Windows\MessageWindow.h" line-rate="1" branch-rate="0" complexity="0">
          <methods/>
          <lines>
            <line number="164" hits="1"/>
            <line number="169" hits="1"/>
            <line number="185" hits="1"/>
            <line number="191" hits="1"/>
            <line number="196" hits="1"/>
            <line number="201" hits="1"/>
          </lines>
        </class>
        <class name="SelectableWidget.h" filename="dev\UnrealProjects\UnrealPokemon\Source\RPGMenus\RPGMenus\Public\Windows\SelectableWidget.h" line-rate="1" branch-rate="0" complexity="0">
          <methods/>
          <lines>
            <line number="173" hits="1"/>
            <line number="179" hits="1"/>
            <line number="185" hits="1"/>
          </lines>
        </class>
      </classes>
    </package>
    <package name="D:\dev\UnrealProjects\UnrealPokemon\Binaries\Win64\UnrealEditor-RPGMenusDeveloper-Win64-DebugGame.dll" line-rate="0.38095238095238093" branch-rate="0" complexity="0">
      <classes>
        <class name="K2Node_AddWidgetToStack.cpp" filename="dev\UnrealProjects\UnrealPokemon\Source\RPGMenus\RPGMenusDeveloper\Private\Nodes\K2Node_AddWidgetToStack.cpp" line-rate="0.36206896551724138" branch-rate="0" complexity="0">
          <methods/>
          <lines>
            <line number="13" hits="1"/>
            <line number="14" hits="1"/>
            <line number="15" hits="1"/>
            <line number="17" hits="0"/>
            <line number="18" hits="0"/>
            <line number="20" hits="0"/>
            <line number="21" hits="0"/>
            <line number="22" hits="0"/>
            <line number="24" hits="0"/>
            <line number="25" hits="0"/>
            <line number="26" hits="0"/>
            <line number="27" hits="0"/>
            <line number="28" hits="0"/>
            <line number="29" hits="0"/>
            <line number="31" hits="0"/>
            <line number="32" hits="0"/>
            <line number="33" hits="0"/>
            <line number="37" hits="0"/>
            <line number="38" hits="0"/>
            <line number="43" hits="0"/>
            <line number="45" hits="0"/>
            <line number="46" hits="0"/>
            <line number="49" hits="0"/>
            <line number="51" hits="0"/>
            <line number="52" hits="0"/>
            <line number="53" hits="0"/>
            <line number="54" hits="0"/>
            <line number="57" hits="0"/>
            <line number="59" hits="0"/>
            <line number="61" hits="0"/>
            <line number="62" hits="0"/>
            <line number="64" hits="0"/>
            <line number="68" hits="0"/>
            <line number="69" hits="0"/>
            <line number="73" hits="0"/>
            <line number="74" hits="0"/>
            <line number="80" hits="0"/>
            <line number="84" hits="0"/>
            <line number="87" hits="0"/>
            <line number="88" hits="0"/>
            <line number="90" hits="1"/>
            <line number="91" hits="1"/>
            <line number="92" hits="1"/>
            <line number="94" hits="1"/>
            <line number="95" hits="1"/>
            <line number="96" hits="1"/>
            <line number="98" hits="1"/>
            <line number="99" hits="1"/>
            <line number="100" hits="1"/>
            <line number="102" hits="1"/>
            <line number="103" hits="1"/>
            <line number="104" hits="1"/>
            <line number="106" hits="1"/>
            <line number="107" hits="1"/>
            <line number="108" hits="1"/>
            <line number="110" hits="1"/>
            <line number="111" hits="1"/>
            <line number="112" hits="1"/>
          </lines>
        </class>
        <class name="RPGMenusDeveloper.cpp" filename="dev\UnrealProjects\UnrealPokemon\Source\RPGMenus\RPGMenusDeveloper\Private\RPGMenusDeveloper.cpp" line-rate="0.59999999999999998" branch-rate="0" complexity="0">
          <methods/>
          <lines>
            <line number="6" hits="1"/>
            <line number="8" hits="1"/>
            <line number="10" hits="0"/>
            <line number="12" hits="0"/>
            <line number="16" hits="1"/>
          </lines>
        </class>
      </classes>
    </package>
    <package name="D:\dev\UnrealProjects\UnrealPokemon\Binaries\Win64\UnrealEditor-RPGMenusEditor-Win64-DebugGame.dll" line-rate="0.74545454545454548" branch-rate="0" complexity="0">
      <classes>
        <class name="RPGMenusEditor.cpp" filename="dev\UnrealProjects\UnrealPokemon\Source\RPGMenus\RPGMenusEditor\Private\RPGMenusEditor.cpp" line-rate="0.81818181818181823" branch-rate="0" complexity="0">
          <methods/>
          <lines>
            <line number="12" hits="1"/>
            <line number="13" hits="1"/>
            <line number="14" hits="1"/>
            <line number="16" hits="1"/>
            <line number="18" hits="1"/>
            <line number="20" hits="1"/>
            <line number="23" hits="1"/>
            <line number="25" hits="1"/>
            <line number="27" hits="0"/>
            <line number="29" hits="0"/>
            <line number="31" hits="1"/>
          </lines>
        </class>
        <class name="WindowskinAssetActions.cpp" filename="dev\UnrealProjects\UnrealPokemon\Source\RPGMenus\RPGMenusEditor\Private\Windowskin\WindowskinAssetActions.cpp" line-rate="1" branch-rate="0" complexity="0">
          <methods/>
          <lines>
            <line number="7" hits="1"/>
            <line number="8" hits="1"/>
            <line number="9" hits="1"/>
            <line number="11" hits="1"/>
            <line number="12" hits="1"/>
            <line number="13" hits="1"/>
            <line number="15" hits="1"/>
            <line number="16" hits="1"/>
            <line number="17" hits="1"/>
            <line number="19" hits="1"/>
            <line number="20" hits="1"/>
            <line number="21" hits="1"/>
          </lines>
        </class>
        <class name="WindowskinFactory.cpp" filename="dev\UnrealProjects\UnrealPokemon\Source\RPGMenus\RPGMenusEditor\Private\Windowskin\WindowskinFactory.cpp" line-rate="1" branch-rate="0" complexity="0">
          <methods/>
          <lines>
            <line number="4" hits="1"/>
            <line number="5" hits="1"/>
            <line number="6" hits="1"/>
            <line number="7" hits="1"/>
            <line number="8" hits="1"/>
            <line number="11" hits="1"/>
            <line number="12" hits="1"/>
            <line number="13" hits="1"/>
            <line number="15" hits="1"/>
            <line number="16" hits="1"/>
            <line number="17" hits="1"/>
          </lines>
        </class>
        <class name="WindowskinThumbnailRenderer.cpp" filename="dev\UnrealProjects\UnrealPokemon\Source\RPGMenus\RPGMenusEditor\Private\Windowskin\WindowskinThumbnailRenderer.cpp" line-rate="0.42857142857142855" branch-rate="0" complexity="0">
          <methods/>
          <lines>
            <line number="7" hits="1"/>
            <line number="8" hits="1"/>
            <line number="9" hits="1"/>
            <line number="11" hits="1"/>
            <line number="12" hits="1"/>
            <line number="13" hits="1"/>
            <line number="14" hits="1"/>
            <line number="16" hits="1"/>
            <line number="17" hits="1"/>
            <line number="20" hits="0"/>
            <line number="21" hits="0"/>
            <line number="22" hits="0"/>
            <line number="23" hits="0"/>
            <line number="25" hits="0"/>
            <line number="26" hits="0"/>
            <line number="27" hits="0"/>
            <line number="29" hits="0"/>
            <line number="30" hits="0"/>
            <line number="31" hits="0"/>
            <line number="33" hits="0"/>
            <line number="34" hits="0"/>
          </lines>
        </class>
      </classes>
    </package>
    <package name="D:\dev\UnrealProjects\UnrealPokemon\Binaries\Win64\UnrealEditor-TileReplacer-Win64-DebugGame.dll" line-rate="0.94339622641509435" branch-rate="0" complexity="0">
      <classes>
        <class name="ReplacedTile.cpp" filename="dev\UnrealProjects\UnrealPokemon\Source\TileReplacer\TileReplacer\Private\Replacement\ReplacedTile.cpp" line-rate="1" branch-rate="0" complexity="0">
          <methods/>
          <lines>
            <line number="9" hits="1"/>
            <line number="10" hits="1"/>
          </lines>
        </class>
        <class name="TileReplacement.cpp" filename="dev\UnrealProjects\UnrealPokemon\Source\TileReplacer\TileReplacer\Private\Replacement\TileReplacement.cpp" line-rate="1" branch-rate="0" complexity="0">
          <methods/>
          <lines>
            <line number="6" hits="1"/>
            <line number="7" hits="1"/>
            <line number="8" hits="1"/>
          </lines>
        </class>
        <class name="TileReplacerComponent.cpp" filename="dev\UnrealProjects\UnrealPokemon\Source\TileReplacer\TileReplacer\Private\Replacement\TileReplacerComponent.cpp" line-rate="0.97499999999999998" branch-rate="0" complexity="0">
          <methods/>
          <lines>
            <line number="21" hits="1"/>
            <line number="22" hits="1"/>
            <line number="23" hits="1"/>
            <line number="24" hits="1"/>
            <line number="26" hits="1"/>
            <line number="27" hits="1"/>
            <line number="32" hits="1"/>
            <line number="35" hits="1"/>
            <line number="36" hits="1"/>
            <line number="37" hits="1"/>
            <line number="38" hits="1"/>
            <line number="39" hits="1"/>
            <line number="40" hits="1"/>
            <line number="42" hits="1"/>
            <line number="43" hits="1"/>
            <line number="44" hits="1"/>
            <line number="45" hits="0"/>
            <line number="47" hits="1"/>
            <line number="48" hits="1"/>
            <line number="50" hits="1"/>
            <line number="51" hits="1"/>
            <line number="52" hits="1"/>
            <line number="53" hits="1"/>
            <line number="54" hits="1"/>
            <line number="55" hits="1"/>
            <line number="59" hits="1"/>
            <line number="61" hits="1"/>
            <line number="62" hits="1"/>
            <line number="63" hits="1"/>
            <line number="64" hits="1"/>
            <line number="66" hits="1"/>
            <line number="67" hits="1"/>
            <line number="69" hits="1"/>
            <line number="70" hits="1"/>
            <line number="71" hits="1"/>
            <line number="72" hits="1"/>
            <line number="73" hits="1"/>
            <line number="74" hits="1"/>
            <line number="76" hits="1"/>
            <line number="77" hits="1"/>
          </lines>
        </class>
        <class name="TileReplacer.cpp" filename="dev\UnrealProjects\UnrealPokemon\Source\TileReplacer\TileReplacer\Private\TileReplacer.cpp" line-rate="0.59999999999999998" branch-rate="0" complexity="0">
          <methods/>
          <lines>
            <line number="6" hits="1"/>
            <line number="8" hits="1"/>
            <line number="11" hits="0"/>
            <line number="13" hits="0"/>
            <line number="17" hits="1"/>
          </lines>
        </class>
        <class name="TileReplacerSettings.cpp" filename="dev\UnrealProjects\UnrealPokemon\Source\TileReplacer\TileReplacer\Private\TileReplacerSettings.cpp" line-rate="1" branch-rate="0" complexity="0">
          <methods/>
          <lines>
            <line number="6" hits="1"/>
            <line number="7" hits="1"/>
            <line number="8" hits="1"/>
          </lines>
        </class>
      </classes>
    </package>
    <package name="D:\dev\UnrealProjects\UnrealPokemon\Binaries\Win64\UnrealEditor-UnrealPokemon-Win64-DebugGame.dll" line-rate="1" branch-rate="0" complexity="0">
      <classes>
        <class name="UnrealPokemon.cpp" filename="dev\UnrealProjects\UnrealPokemon\Source\UnrealPokemon\UnrealPokemon.cpp" line-rate="1" branch-rate="0" complexity="0">
          <methods/>
          <lines>
            <line number="5" hits="1"/>
          </lines>
        </class>
      </classes>
    </package>
  </packages>
</coverage>
